[2024-12-11 21:54:18.989] [jointLog] [info] setting maxHashResizeThreads to 8
[2024-12-11 21:54:18.989] [jointLog] [info] Fragment incompatibility prior below threshold.  Incompatible fragments will be ignored.
[2024-12-11 21:54:18.989] [jointLog] [info] Usage of --validateMappings implies use of minScoreFraction. Since not explicitly specified, it is being set to 0.65
[2024-12-11 21:54:18.989] [jointLog] [info] Usage of --validateMappings implies a default consensus slack of 0.2. Setting consensusSlack to 0.35.
[2024-12-11 21:54:18.989] [jointLog] [info] parsing read library format
[2024-12-11 21:54:18.989] [jointLog] [info] There is 1 library.
[2024-12-11 21:54:19.106] [jointLog] [info] Loading pufferfish index
[2024-12-11 21:54:19.106] [jointLog] [info] Loading dense pufferfish index.
[2024-12-11 21:54:19.371] [jointLog] [info] done
[2024-12-11 21:54:19.371] [jointLog] [info] Index contained 31,196 targets
[2024-12-11 21:54:19.385] [jointLog] [info] Number of decoys : 0
[2024-12-11 21:54:20.219] [jointLog] [info] Automatically detected most likely library type as ISR
[2024-12-11 21:57:45.609] [jointLog] [info] Thread saw mini-batch with a maximum of 0.96% zero probability fragments
[2024-12-11 21:57:45.613] [jointLog] [info] Thread saw mini-batch with a maximum of 1.14% zero probability fragments
[2024-12-11 21:57:45.615] [jointLog] [info] Thread saw mini-batch with a maximum of 0.98% zero probability fragments
[2024-12-11 21:57:45.692] [jointLog] [info] Thread saw mini-batch with a maximum of 1.06% zero probability fragments
[2024-12-11 21:57:45.775] [jointLog] [info] Thread saw mini-batch with a maximum of 1.04% zero probability fragments
[2024-12-11 21:57:45.776] [jointLog] [info] Thread saw mini-batch with a maximum of 1.04% zero probability fragments
[2024-12-11 21:57:45.797] [jointLog] [info] Thread saw mini-batch with a maximum of 1.10% zero probability fragments
[2024-12-11 21:57:45.806] [jointLog] [info] Thread saw mini-batch with a maximum of 1.12% zero probability fragments
[2024-12-11 21:57:45.943] [jointLog] [info] Computed 73,047 rich equivalence classes for further processing
[2024-12-11 21:57:45.943] [jointLog] [info] Counted 19,256,330 total reads in the equivalence classes 
[2024-12-11 21:57:45.948] [jointLog] [info] Number of mappings discarded because of alignment score : 171,737,796
[2024-12-11 21:57:45.948] [jointLog] [info] Number of fragments entirely discarded because of alignment score : 2,748,093
[2024-12-11 21:57:45.948] [jointLog] [info] Number of fragments discarded because they are best-mapped to decoys : 0
[2024-12-11 21:57:45.948] [jointLog] [info] Number of fragments discarded because they have only dovetail (discordant) mappings to valid targets : 767,355
[2024-12-11 21:57:45.948] [jointLog] [info] Mapping rate = 74.6547%

[2024-12-11 21:57:45.948] [jointLog] [info] finished quantifyLibrary()
[2024-12-11 21:57:45.950] [jointLog] [info] Starting optimizer
[2024-12-11 21:57:45.977] [jointLog] [info] Marked 0 weighted equivalence classes as degenerate
[2024-12-11 21:57:45.987] [jointLog] [info] iteration = 0 | max rel diff. = 34871.4
[2024-12-11 21:57:45.944] [fileLog] [info] 
At end of round 0
==================
Observed 25793858 total fragments (25793858 in most recent round)

[2024-12-11 21:57:46.567] [jointLog] [info] iteration = 100 | max rel diff. = 8.37448
[2024-12-11 21:57:47.118] [jointLog] [info] iteration = 200 | max rel diff. = 6.67512
[2024-12-11 21:57:47.669] [jointLog] [info] iteration = 300 | max rel diff. = 0.233468
[2024-12-11 21:57:48.221] [jointLog] [info] iteration = 400 | max rel diff. = 0.197398
[2024-12-11 21:57:48.773] [jointLog] [info] iteration = 500 | max rel diff. = 0.046145
[2024-12-11 21:57:49.326] [jointLog] [info] iteration = 600 | max rel diff. = 0.0702725
[2024-12-11 21:57:49.880] [jointLog] [info] iteration = 700 | max rel diff. = 0.0743609
[2024-12-11 21:57:50.435] [jointLog] [info] iteration = 800 | max rel diff. = 0.0409371
[2024-12-11 21:57:50.986] [jointLog] [info] iteration = 900 | max rel diff. = 0.0230431
[2024-12-11 21:57:51.179] [jointLog] [info] iteration = 936 | max rel diff. = 0.00336366
[2024-12-11 21:57:51.181] [jointLog] [info] Finished optimizer
[2024-12-11 21:57:51.181] [jointLog] [info] writing output 

