[2024-12-11 22:27:20.727] [jointLog] [info] setting maxHashResizeThreads to 8
[2024-12-11 22:27:20.727] [jointLog] [info] Fragment incompatibility prior below threshold.  Incompatible fragments will be ignored.
[2024-12-11 22:27:20.727] [jointLog] [info] Usage of --validateMappings implies use of minScoreFraction. Since not explicitly specified, it is being set to 0.65
[2024-12-11 22:27:20.727] [jointLog] [info] Usage of --validateMappings implies a default consensus slack of 0.2. Setting consensusSlack to 0.35.
[2024-12-11 22:27:20.727] [jointLog] [info] parsing read library format
[2024-12-11 22:27:20.727] [jointLog] [info] There is 1 library.
[2024-12-11 22:27:20.841] [jointLog] [info] Loading pufferfish index
[2024-12-11 22:27:20.842] [jointLog] [info] Loading dense pufferfish index.
[2024-12-11 22:27:21.101] [jointLog] [info] done
[2024-12-11 22:27:21.101] [jointLog] [info] Index contained 31,196 targets
[2024-12-11 22:27:21.113] [jointLog] [info] Number of decoys : 0
[2024-12-11 22:27:21.919] [jointLog] [info] Automatically detected most likely library type as ISR
[2024-12-11 22:29:30.324] [jointLog] [info] Thread saw mini-batch with a maximum of 1.20% zero probability fragments
[2024-12-11 22:29:30.352] [jointLog] [info] Thread saw mini-batch with a maximum of 1.20% zero probability fragments
[2024-12-11 22:29:30.356] [jointLog] [info] Thread saw mini-batch with a maximum of 1.06% zero probability fragments
[2024-12-11 22:29:30.360] [jointLog] [info] Thread saw mini-batch with a maximum of 1.20% zero probability fragments
[2024-12-11 22:29:30.381] [jointLog] [info] Thread saw mini-batch with a maximum of 1.12% zero probability fragments
[2024-12-11 22:29:30.398] [jointLog] [info] Thread saw mini-batch with a maximum of 1.10% zero probability fragments
[2024-12-11 22:29:30.418] [jointLog] [info] Thread saw mini-batch with a maximum of 1.12% zero probability fragments
[2024-12-11 22:29:30.421] [jointLog] [info] Thread saw mini-batch with a maximum of 1.14% zero probability fragments
[2024-12-11 22:29:30.559] [jointLog] [info] Computed 71,344 rich equivalence classes for further processing
[2024-12-11 22:29:30.559] [jointLog] [info] Counted 15,593,767 total reads in the equivalence classes 
[2024-12-11 22:29:30.564] [jointLog] [info] Number of mappings discarded because of alignment score : 55,692,420
[2024-12-11 22:29:30.564] [jointLog] [info] Number of fragments entirely discarded because of alignment score : 2,148,442
[2024-12-11 22:29:30.564] [jointLog] [info] Number of fragments discarded because they are best-mapped to decoys : 0
[2024-12-11 22:29:30.564] [jointLog] [info] Number of fragments discarded because they have only dovetail (discordant) mappings to valid targets : 764,567
[2024-12-11 22:29:30.564] [jointLog] [info] Mapping rate = 73.1134%

[2024-12-11 22:29:30.564] [jointLog] [info] finished quantifyLibrary()
[2024-12-11 22:29:30.576] [jointLog] [info] Starting optimizer
[2024-12-11 22:29:30.602] [jointLog] [info] Marked 0 weighted equivalence classes as degenerate
[2024-12-11 22:29:30.612] [jointLog] [info] iteration = 0 | max rel diff. = 33971
[2024-12-11 22:29:30.560] [fileLog] [info] 
At end of round 0
==================
Observed 21328202 total fragments (21328202 in most recent round)

[2024-12-11 22:29:31.229] [jointLog] [info] iteration = 100 | max rel diff. = 3.57134
[2024-12-11 22:29:31.818] [jointLog] [info] iteration = 200 | max rel diff. = 4.23257
[2024-12-11 22:29:32.407] [jointLog] [info] iteration = 300 | max rel diff. = 14.5924
[2024-12-11 22:29:32.996] [jointLog] [info] iteration = 400 | max rel diff. = 0.057002
[2024-12-11 22:29:33.586] [jointLog] [info] iteration = 500 | max rel diff. = 0.0290625
[2024-12-11 22:29:34.176] [jointLog] [info] iteration = 600 | max rel diff. = 0.0350003
[2024-12-11 22:29:34.766] [jointLog] [info] iteration = 700 | max rel diff. = 0.031117
[2024-12-11 22:29:35.356] [jointLog] [info] iteration = 800 | max rel diff. = 0.139523
[2024-12-11 22:29:35.403] [jointLog] [info] iteration = 809 | max rel diff. = 0.00940084
[2024-12-11 22:29:35.406] [jointLog] [info] Finished optimizer
[2024-12-11 22:29:35.406] [jointLog] [info] writing output 

