[2024-12-11 22:35:28.156] [jointLog] [info] setting maxHashResizeThreads to 8
[2024-12-11 22:35:28.156] [jointLog] [info] Fragment incompatibility prior below threshold.  Incompatible fragments will be ignored.
[2024-12-11 22:35:28.156] [jointLog] [info] Usage of --validateMappings implies use of minScoreFraction. Since not explicitly specified, it is being set to 0.65
[2024-12-11 22:35:28.156] [jointLog] [info] Usage of --validateMappings implies a default consensus slack of 0.2. Setting consensusSlack to 0.35.
[2024-12-11 22:35:28.156] [jointLog] [info] parsing read library format
[2024-12-11 22:35:28.156] [jointLog] [info] There is 1 library.
[2024-12-11 22:35:28.204] [jointLog] [info] Loading pufferfish index
[2024-12-11 22:35:28.204] [jointLog] [info] Loading dense pufferfish index.
[2024-12-11 22:35:28.428] [jointLog] [info] done
[2024-12-11 22:35:28.428] [jointLog] [info] Index contained 31,196 targets
[2024-12-11 22:35:28.438] [jointLog] [info] Number of decoys : 0
[2024-12-11 22:35:29.070] [jointLog] [info] Automatically detected most likely library type as ISR
[2024-12-11 22:37:22.200] [jointLog] [info] Thread saw mini-batch with a maximum of 0.84% zero probability fragments
[2024-12-11 22:37:22.214] [jointLog] [info] Thread saw mini-batch with a maximum of 0.90% zero probability fragments
[2024-12-11 22:37:22.248] [jointLog] [info] Thread saw mini-batch with a maximum of 0.82% zero probability fragments
[2024-12-11 22:37:22.256] [jointLog] [info] Thread saw mini-batch with a maximum of 0.82% zero probability fragments
[2024-12-11 22:37:22.268] [jointLog] [info] Thread saw mini-batch with a maximum of 0.90% zero probability fragments
[2024-12-11 22:37:22.286] [jointLog] [info] Thread saw mini-batch with a maximum of 0.86% zero probability fragments
[2024-12-11 22:37:22.322] [jointLog] [info] Thread saw mini-batch with a maximum of 0.96% zero probability fragments
[2024-12-11 22:37:22.333] [jointLog] [info] Thread saw mini-batch with a maximum of 0.90% zero probability fragments
[2024-12-11 22:37:22.471] [jointLog] [info] Computed 67,025 rich equivalence classes for further processing
[2024-12-11 22:37:22.471] [jointLog] [info] Counted 17,149,279 total reads in the equivalence classes 
[2024-12-11 22:37:22.476] [jointLog] [info] Number of mappings discarded because of alignment score : 29,454,198
[2024-12-11 22:37:22.476] [jointLog] [info] Number of fragments entirely discarded because of alignment score : 1,999,956
[2024-12-11 22:37:22.476] [jointLog] [info] Number of fragments discarded because they are best-mapped to decoys : 0
[2024-12-11 22:37:22.476] [jointLog] [info] Number of fragments discarded because they have only dovetail (discordant) mappings to valid targets : 751,335
[2024-12-11 22:37:22.476] [jointLog] [info] Mapping rate = 77.282%

[2024-12-11 22:37:22.476] [jointLog] [info] finished quantifyLibrary()
[2024-12-11 22:37:22.478] [jointLog] [info] Starting optimizer
[2024-12-11 22:37:22.499] [jointLog] [info] Marked 0 weighted equivalence classes as degenerate
[2024-12-11 22:37:22.510] [jointLog] [info] iteration = 0 | max rel diff. = 34281.5
[2024-12-11 22:37:22.472] [fileLog] [info] 
At end of round 0
==================
Observed 22190536 total fragments (22190536 in most recent round)

[2024-12-11 22:37:23.202] [jointLog] [info] iteration = 100 | max rel diff. = 6.33042
[2024-12-11 22:37:23.755] [jointLog] [info] iteration = 200 | max rel diff. = 5.83859
[2024-12-11 22:37:24.282] [jointLog] [info] iteration = 300 | max rel diff. = 0.137238
[2024-12-11 22:37:24.810] [jointLog] [info] iteration = 400 | max rel diff. = 0.0902369
[2024-12-11 22:37:24.989] [jointLog] [info] iteration = 435 | max rel diff. = 0.00803253
[2024-12-11 22:37:24.990] [jointLog] [info] Finished optimizer
[2024-12-11 22:37:24.990] [jointLog] [info] writing output 

