[2024-12-11 21:57:52.670] [jointLog] [info] setting maxHashResizeThreads to 8
[2024-12-11 21:57:52.670] [jointLog] [info] Fragment incompatibility prior below threshold.  Incompatible fragments will be ignored.
[2024-12-11 21:57:52.670] [jointLog] [info] Usage of --validateMappings implies use of minScoreFraction. Since not explicitly specified, it is being set to 0.65
[2024-12-11 21:57:52.670] [jointLog] [info] Usage of --validateMappings implies a default consensus slack of 0.2. Setting consensusSlack to 0.35.
[2024-12-11 21:57:52.670] [jointLog] [info] parsing read library format
[2024-12-11 21:57:52.670] [jointLog] [info] There is 1 library.
[2024-12-11 21:57:52.785] [jointLog] [info] Loading pufferfish index
[2024-12-11 21:57:52.786] [jointLog] [info] Loading dense pufferfish index.
[2024-12-11 21:57:53.038] [jointLog] [info] done
[2024-12-11 21:57:53.038] [jointLog] [info] Index contained 31,196 targets
[2024-12-11 21:57:53.050] [jointLog] [info] Number of decoys : 0
[2024-12-11 21:57:53.873] [jointLog] [info] Automatically detected most likely library type as ISR
[2024-12-11 22:01:42.542] [jointLog] [info] Thread saw mini-batch with a maximum of 1.00% zero probability fragments
[2024-12-11 22:01:42.557] [jointLog] [info] Thread saw mini-batch with a maximum of 1.14% zero probability fragments
[2024-12-11 22:01:42.563] [jointLog] [info] Thread saw mini-batch with a maximum of 1.06% zero probability fragments
[2024-12-11 22:01:42.580] [jointLog] [info] Thread saw mini-batch with a maximum of 1.00% zero probability fragments
[2024-12-11 22:01:42.606] [jointLog] [info] Thread saw mini-batch with a maximum of 1.04% zero probability fragments
[2024-12-11 22:01:42.740] [jointLog] [info] Thread saw mini-batch with a maximum of 1.06% zero probability fragments
[2024-12-11 22:01:42.766] [jointLog] [info] Thread saw mini-batch with a maximum of 1.02% zero probability fragments
[2024-12-11 22:01:42.826] [jointLog] [info] Thread saw mini-batch with a maximum of 0.98% zero probability fragments
[2024-12-11 22:01:42.982] [jointLog] [info] Computed 82,419 rich equivalence classes for further processing
[2024-12-11 22:01:42.982] [jointLog] [info] Counted 19,968,780 total reads in the equivalence classes 
[2024-12-11 22:01:42.987] [jointLog] [info] Number of mappings discarded because of alignment score : 146,603,271
[2024-12-11 22:01:42.987] [jointLog] [info] Number of fragments entirely discarded because of alignment score : 2,987,468
[2024-12-11 22:01:42.987] [jointLog] [info] Number of fragments discarded because they are best-mapped to decoys : 0
[2024-12-11 22:01:42.987] [jointLog] [info] Number of fragments discarded because they have only dovetail (discordant) mappings to valid targets : 1,302,265
[2024-12-11 22:01:42.987] [jointLog] [info] Mapping rate = 73.4655%

[2024-12-11 22:01:42.987] [jointLog] [info] finished quantifyLibrary()
[2024-12-11 22:01:42.989] [jointLog] [info] Starting optimizer
[2024-12-11 22:01:43.015] [jointLog] [info] Marked 0 weighted equivalence classes as degenerate
[2024-12-11 22:01:43.030] [jointLog] [info] iteration = 0 | max rel diff. = 38315.8
[2024-12-11 22:01:42.982] [fileLog] [info] 
At end of round 0
==================
Observed 27181167 total fragments (27181167 in most recent round)

[2024-12-11 22:01:44.086] [jointLog] [info] iteration = 100 | max rel diff. = 3.21152
[2024-12-11 22:01:44.868] [jointLog] [info] iteration = 200 | max rel diff. = 0.256198
[2024-12-11 22:01:45.561] [jointLog] [info] iteration = 300 | max rel diff. = 0.0857555
[2024-12-11 22:01:46.250] [jointLog] [info] iteration = 400 | max rel diff. = 0.04655
[2024-12-11 22:01:46.847] [jointLog] [info] iteration = 487 | max rel diff. = 0.00962171
[2024-12-11 22:01:46.850] [jointLog] [info] Finished optimizer
[2024-12-11 22:01:46.850] [jointLog] [info] writing output 

