[2024-12-11 22:23:07.011] [jointLog] [info] setting maxHashResizeThreads to 8
[2024-12-11 22:23:07.011] [jointLog] [info] Fragment incompatibility prior below threshold.  Incompatible fragments will be ignored.
[2024-12-11 22:23:07.011] [jointLog] [info] Usage of --validateMappings implies use of minScoreFraction. Since not explicitly specified, it is being set to 0.65
[2024-12-11 22:23:07.011] [jointLog] [info] Usage of --validateMappings implies a default consensus slack of 0.2. Setting consensusSlack to 0.35.
[2024-12-11 22:23:07.011] [jointLog] [info] parsing read library format
[2024-12-11 22:23:07.011] [jointLog] [info] There is 1 library.
[2024-12-11 22:23:07.130] [jointLog] [info] Loading pufferfish index
[2024-12-11 22:23:07.131] [jointLog] [info] Loading dense pufferfish index.
[2024-12-11 22:23:07.382] [jointLog] [info] done
[2024-12-11 22:23:07.382] [jointLog] [info] Index contained 31,196 targets
[2024-12-11 22:23:07.394] [jointLog] [info] Number of decoys : 0
[2024-12-11 22:23:08.381] [jointLog] [info] Automatically detected most likely library type as ISR
[2024-12-11 22:27:15.163] [jointLog] [info] Thread saw mini-batch with a maximum of 0.82% zero probability fragments
[2024-12-11 22:27:15.266] [jointLog] [info] Thread saw mini-batch with a maximum of 0.70% zero probability fragments
[2024-12-11 22:27:15.316] [jointLog] [info] Thread saw mini-batch with a maximum of 0.90% zero probability fragments
[2024-12-11 22:27:15.445] [jointLog] [info] Thread saw mini-batch with a maximum of 0.72% zero probability fragments
[2024-12-11 22:27:15.467] [jointLog] [info] Thread saw mini-batch with a maximum of 0.76% zero probability fragments
[2024-12-11 22:27:15.478] [jointLog] [info] Thread saw mini-batch with a maximum of 0.80% zero probability fragments
[2024-12-11 22:27:15.503] [jointLog] [info] Thread saw mini-batch with a maximum of 0.78% zero probability fragments
[2024-12-11 22:27:15.633] [jointLog] [info] Thread saw mini-batch with a maximum of 0.82% zero probability fragments
[2024-12-11 22:27:15.823] [jointLog] [info] Computed 81,489 rich equivalence classes for further processing
[2024-12-11 22:27:15.823] [jointLog] [info] Counted 17,554,082 total reads in the equivalence classes 
[2024-12-11 22:27:15.830] [jointLog] [info] Number of mappings discarded because of alignment score : 255,386,606
[2024-12-11 22:27:15.830] [jointLog] [info] Number of fragments entirely discarded because of alignment score : 2,431,546
[2024-12-11 22:27:15.830] [jointLog] [info] Number of fragments discarded because they are best-mapped to decoys : 0
[2024-12-11 22:27:15.830] [jointLog] [info] Number of fragments discarded because they have only dovetail (discordant) mappings to valid targets : 1,137,227
[2024-12-11 22:27:15.830] [jointLog] [info] Mapping rate = 73.9123%

[2024-12-11 22:27:15.830] [jointLog] [info] finished quantifyLibrary()
[2024-12-11 22:27:15.833] [jointLog] [info] Starting optimizer
[2024-12-11 22:27:15.865] [jointLog] [info] Marked 0 weighted equivalence classes as degenerate
[2024-12-11 22:27:15.877] [jointLog] [info] iteration = 0 | max rel diff. = 36368.6
[2024-12-11 22:27:15.824] [fileLog] [info] 
At end of round 0
==================
Observed 23749890 total fragments (23749890 in most recent round)

[2024-12-11 22:27:16.605] [jointLog] [info] iteration = 100 | max rel diff. = 10.4002
[2024-12-11 22:27:17.309] [jointLog] [info] iteration = 200 | max rel diff. = 3.75908
[2024-12-11 22:27:18.018] [jointLog] [info] iteration = 300 | max rel diff. = 1.59486
[2024-12-11 22:27:18.723] [jointLog] [info] iteration = 400 | max rel diff. = 0.824216
[2024-12-11 22:27:19.397] [jointLog] [info] iteration = 497 | max rel diff. = 0.0080664
[2024-12-11 22:27:19.400] [jointLog] [info] Finished optimizer
[2024-12-11 22:27:19.400] [jointLog] [info] writing output 

