[2024-12-11 22:32:17.513] [jointLog] [info] setting maxHashResizeThreads to 8
[2024-12-11 22:32:17.513] [jointLog] [info] Fragment incompatibility prior below threshold.  Incompatible fragments will be ignored.
[2024-12-11 22:32:17.513] [jointLog] [info] Usage of --validateMappings implies use of minScoreFraction. Since not explicitly specified, it is being set to 0.65
[2024-12-11 22:32:17.513] [jointLog] [info] Usage of --validateMappings implies a default consensus slack of 0.2. Setting consensusSlack to 0.35.
[2024-12-11 22:32:17.513] [jointLog] [info] parsing read library format
[2024-12-11 22:32:17.513] [jointLog] [info] There is 1 library.
[2024-12-11 22:32:17.615] [jointLog] [info] Loading pufferfish index
[2024-12-11 22:32:17.615] [jointLog] [info] Loading dense pufferfish index.
[2024-12-11 22:32:17.868] [jointLog] [info] done
[2024-12-11 22:32:17.868] [jointLog] [info] Index contained 31,196 targets
[2024-12-11 22:32:17.881] [jointLog] [info] Number of decoys : 0
[2024-12-11 22:32:18.738] [jointLog] [info] Automatically detected most likely library type as ISR
[2024-12-11 22:35:21.712] [jointLog] [info] Thread saw mini-batch with a maximum of 1.34% zero probability fragments
[2024-12-11 22:35:21.723] [jointLog] [info] Thread saw mini-batch with a maximum of 1.32% zero probability fragments
[2024-12-11 22:35:21.753] [jointLog] [info] Thread saw mini-batch with a maximum of 1.30% zero probability fragments
[2024-12-11 22:35:21.891] [jointLog] [info] Thread saw mini-batch with a maximum of 1.34% zero probability fragments
[2024-12-11 22:35:21.902] [jointLog] [info] Thread saw mini-batch with a maximum of 1.30% zero probability fragments
[2024-12-11 22:35:21.944] [jointLog] [info] Thread saw mini-batch with a maximum of 1.38% zero probability fragments
[2024-12-11 22:35:21.953] [jointLog] [info] Thread saw mini-batch with a maximum of 1.24% zero probability fragments
[2024-12-11 22:35:22.063] [jointLog] [info] Thread saw mini-batch with a maximum of 1.26% zero probability fragments
[2024-12-11 22:35:22.204] [jointLog] [info] Computed 68,683 rich equivalence classes for further processing
[2024-12-11 22:35:22.204] [jointLog] [info] Counted 16,068,343 total reads in the equivalence classes 
[2024-12-11 22:35:22.209] [jointLog] [info] Number of mappings discarded because of alignment score : 171,054,911
[2024-12-11 22:35:22.209] [jointLog] [info] Number of fragments entirely discarded because of alignment score : 2,019,051
[2024-12-11 22:35:22.209] [jointLog] [info] Number of fragments discarded because they are best-mapped to decoys : 0
[2024-12-11 22:35:22.209] [jointLog] [info] Number of fragments discarded because they have only dovetail (discordant) mappings to valid targets : 561,288
[2024-12-11 22:35:22.209] [jointLog] [info] Mapping rate = 75.0393%

[2024-12-11 22:35:22.209] [jointLog] [info] finished quantifyLibrary()
[2024-12-11 22:35:22.211] [jointLog] [info] Starting optimizer
[2024-12-11 22:35:22.232] [jointLog] [info] Marked 0 weighted equivalence classes as degenerate
[2024-12-11 22:35:22.205] [fileLog] [info] 
At end of round 0
==================
Observed 21413233 total fragments (21413233 in most recent round)

[2024-12-11 22:35:22.245] [jointLog] [info] iteration = 0 | max rel diff. = 33827.6
[2024-12-11 22:35:23.188] [jointLog] [info] iteration = 100 | max rel diff. = 14.1575
[2024-12-11 22:35:24.083] [jointLog] [info] iteration = 200 | max rel diff. = 2.33919
[2024-12-11 22:35:24.685] [jointLog] [info] iteration = 300 | max rel diff. = 6.10909
[2024-12-11 22:35:25.275] [jointLog] [info] iteration = 400 | max rel diff. = 0.080535
[2024-12-11 22:35:25.866] [jointLog] [info] iteration = 500 | max rel diff. = 0.134519
[2024-12-11 22:35:26.455] [jointLog] [info] iteration = 600 | max rel diff. = 0.295313
[2024-12-11 22:35:26.485] [jointLog] [info] iteration = 606 | max rel diff. = 0.00434891
[2024-12-11 22:35:26.488] [jointLog] [info] Finished optimizer
[2024-12-11 22:35:26.488] [jointLog] [info] writing output 

